2025-05-23 10:24:53 - Starting OiApplication using Java 24.0.1 with PID 12117 (/home/farout101/Documents/GitHub/Transaction Management/OI/target/classes started by farout101 in /home/farout101/Documents/GitHub/Transaction Management/OI)
2025-05-23 10:24:53 - No active profile set, falling back to 1 default profile: "default"
2025-05-23 10:24:53 - Devtools property defaults active! Set 'spring.devtools.add-properties' to 'false' to disable
2025-05-23 10:24:53 - For additional web related logging consider setting the 'logging.level.web' property to 'DEBUG'
2025-05-23 10:24:53 - Bootstrapping Spring Data JPA repositories in DEFAULT mode.
2025-05-23 10:24:53 - Finished Spring Data repository scanning in 26 ms. Found 2 JPA repository interfaces.
2025-05-23 10:24:54 - Tomcat initialized with port 8080 (http)
2025-05-23 10:24:54 - Starting service [Tomcat]
2025-05-23 10:24:54 - Starting Servlet engine: [Apache Tomcat/10.1.40]
2025-05-23 10:24:54 - Initializing Spring embedded WebApplicationContext
2025-05-23 10:24:54 - Root WebApplicationContext: initialization completed in 1040 ms
2025-05-23 10:24:54 - HikariPool-1 - Starting...
2025-05-23 10:24:54 - HikariPool-1 - Added connection org.postgresql.jdbc.PgConnection@9af93b8
2025-05-23 10:24:54 - HikariPool-1 - Start completed.
2025-05-23 10:24:54 - HHH000204: Processing PersistenceUnitInfo [name: default]
2025-05-23 10:24:54 - HHH000412: Hibernate ORM core version 6.6.13.Final
2025-05-23 10:24:54 - HHH000026: Second-level cache disabled
2025-05-23 10:24:54 - No LoadTimeWeaver setup: ignoring JPA class transformer
2025-05-23 10:24:54 - HHH10001005: Database info:
	Database JDBC URL [Connecting through datasource 'HikariDataSource (HikariPool-1)']
	Database driver: undefined/unknown
	Database version: 16.9
	Autocommit mode: undefined/unknown
	Isolation level: undefined/unknown
	Minimum pool size: undefined/unknown
	Maximum pool size: undefined/unknown
2025-05-23 10:24:55 - HHH000489: No JTA platform available (set 'hibernate.transaction.jta.platform' to enable JTA platform integration)
2025-05-23 10:24:55 - Initialized JPA EntityManagerFactory for persistence unit 'default'
2025-05-23 10:24:55 - spring.jpa.open-in-view is enabled by default. Therefore, database queries may be performed during view rendering. Explicitly configure spring.jpa.open-in-view to disable this warning
2025-05-23 10:24:56 - LiveReload server is running on port 35729
2025-05-23 10:24:56 - Exposing 1 endpoint beneath base path '/actuator'
2025-05-23 10:24:56 - Tomcat started on port 8080 (http) with context path '/'
2025-05-23 10:24:56 - Started OiApplication in 3.192 seconds (process running for 3.721)
2025-05-23 10:24:56 - Initializing Spring DispatcherServlet 'dispatcherServlet'
2025-05-23 10:24:56 - Initializing Servlet 'dispatcherServlet'
2025-05-23 10:24:56 - Completed initialization in 1 ms
2025-05-23 10:25:12 - Payment successful. User ID: 1, New Amount: 385.0
2025-05-23 10:28:31 - Restarting due to 1 class path change (0 additions, 0 deletions, 1 modification)
2025-05-23 10:28:31 - Commencing graceful shutdown. Waiting for active requests to complete
2025-05-23 10:28:31 - Graceful shutdown complete
2025-05-23 10:28:31 - Closing JPA EntityManagerFactory for persistence unit 'default'
2025-05-23 10:28:31 - HikariPool-1 - Shutdown initiated...
2025-05-23 10:28:31 - HikariPool-1 - Shutdown completed.
2025-05-23 10:28:31 - Starting OiApplication using Java 24.0.1 with PID 12117 (/home/farout101/Documents/GitHub/Transaction Management/OI/target/classes started by farout101 in /home/farout101/Documents/GitHub/Transaction Management/OI)
2025-05-23 10:28:31 - No active profile set, falling back to 1 default profile: "default"
2025-05-23 10:28:31 - Bootstrapping Spring Data JPA repositories in DEFAULT mode.
2025-05-23 10:28:31 - Finished Spring Data repository scanning in 3 ms. Found 2 JPA repository interfaces.
2025-05-23 10:28:31 - Tomcat initialized with port 8080 (http)
2025-05-23 10:28:31 - Starting service [Tomcat]
2025-05-23 10:28:31 - Starting Servlet engine: [Apache Tomcat/10.1.40]
2025-05-23 10:28:31 - Initializing Spring embedded WebApplicationContext
2025-05-23 10:28:31 - Root WebApplicationContext: initialization completed in 218 ms
2025-05-23 10:28:31 - HikariPool-2 - Starting...
2025-05-23 10:28:31 - HikariPool-2 - Added connection org.postgresql.jdbc.PgConnection@fe6a60f
2025-05-23 10:28:31 - HikariPool-2 - Start completed.
2025-05-23 10:28:31 - HHH000204: Processing PersistenceUnitInfo [name: default]
2025-05-23 10:28:31 - HHH000026: Second-level cache disabled
2025-05-23 10:28:31 - No LoadTimeWeaver setup: ignoring JPA class transformer
2025-05-23 10:28:31 - HHH10001005: Database info:
	Database JDBC URL [Connecting through datasource 'HikariDataSource (HikariPool-2)']
	Database driver: undefined/unknown
	Database version: 16.9
	Autocommit mode: undefined/unknown
	Isolation level: undefined/unknown
	Minimum pool size: undefined/unknown
	Maximum pool size: undefined/unknown
2025-05-23 10:28:31 - HHH000489: No JTA platform available (set 'hibernate.transaction.jta.platform' to enable JTA platform integration)
2025-05-23 10:28:32 - Initialized JPA EntityManagerFactory for persistence unit 'default'
2025-05-23 10:28:32 - spring.jpa.open-in-view is enabled by default. Therefore, database queries may be performed during view rendering. Explicitly configure spring.jpa.open-in-view to disable this warning
2025-05-23 10:28:32 - LiveReload server is running on port 35729
2025-05-23 10:28:32 - Exposing 1 endpoint beneath base path '/actuator'
2025-05-23 10:28:32 - Tomcat started on port 8080 (http) with context path '/'
2025-05-23 10:28:32 - Started OiApplication in 0.714 seconds (process running for 219.924)
2025-05-23 10:28:32 - Condition evaluation unchanged
2025-05-23 10:39:18 - Commencing graceful shutdown. Waiting for active requests to complete
2025-05-23 10:39:18 - Graceful shutdown complete
2025-05-23 10:39:18 - Closing JPA EntityManagerFactory for persistence unit 'default'
2025-05-23 10:39:18 - HikariPool-2 - Shutdown initiated...
2025-05-23 10:39:18 - HikariPool-2 - Shutdown completed.
